SF:lib\calculator_screen.dart
DA:5,2
DA:6,2
DA:16,1
DA:17,2
DA:18,1
DA:19,1
DA:20,1
DA:21,1
DA:22,1
DA:23,1
DA:24,1
DA:25,1
DA:26,6
DA:27,2
DA:28,0
DA:30,1
DA:31,1
DA:32,1
DA:33,2
DA:34,3
DA:35,3
DA:37,1
DA:38,2
DA:40,1
DA:41,3
DA:43,0
DA:46,1
DA:47,1
DA:48,2
DA:49,1
DA:51,3
DA:57,2
DA:59,2
DA:60,12
DA:61,2
DA:62,2
DA:63,2
DA:64,2
DA:65,2
DA:66,2
DA:67,2
DA:68,2
DA:72,2
DA:73,2
DA:76,2
DA:77,2
DA:79,2
DA:88,2
DA:90,2
DA:91,2
DA:92,2
DA:94,2
DA:95,2
DA:96,2
DA:98,2
DA:99,2
DA:100,2
DA:101,4
DA:104,2
DA:106,2
DA:107,2
DA:108,2
DA:109,4
DA:112,2
DA:113,2
DA:115,2
DA:117,2
DA:118,2
DA:119,8
DA:120,2
DA:121,2
DA:122,2
DA:123,2
DA:124,2
DA:125,2
DA:126,2
DA:129,2
DA:130,2
DA:131,2
DA:132,2
DA:133,2
DA:136,2
DA:137,2
DA:138,2
DA:139,2
DA:140,2
DA:143,2
DA:144,2
DA:145,2
DA:146,2
DA:147,2
DA:150,2
DA:151,2
DA:152,2
DA:153,2
DA:154,2
DA:160,2
DA:161,8
DA:162,2
DA:163,2
DA:164,4
DA:165,2
DA:167,4
DA:168,2
DA:170,4
DA:171,2
DA:173,4
DA:174,2
LF:108
LH:106
end_of_record
SF:lib\main.dart
DA:5,0
DA:6,0
DA:10,1
DA:12,1
DA:15,1
DA:16,1
LF:6
LH:4
end_of_record
